{
  "RSpec": {
    "coverage": {
      "/Users/sanujsharma/Classes/csce-606/hw3/hw-acceptance-unit-test-cycle/rottenpotatoes/app/helpers/application_helper.rb": [
        1,
        null
      ],
      "/Users/sanujsharma/Classes/csce-606/hw3/hw-acceptance-unit-test-cycle/rottenpotatoes/app/helpers/movies_helper.rb": [
        1,
        null,
        1,
        0,
        null,
        null
      ],
      "/Users/sanujsharma/Classes/csce-606/hw3/hw-acceptance-unit-test-cycle/rottenpotatoes/app/controllers/movies_controller.rb": [
        1,
        null,
        1,
        0,
        null,
        null,
        1,
        0,
        0,
        null,
        null,
        null,
        1,
        0,
        0,
        null,
        0,
        null,
        0,
        null,
        0,
        0,
        null,
        0,
        0,
        null,
        null,
        0,
        0,
        0,
        0,
        null,
        0,
        null,
        null,
        1,
        null,
        null,
        null,
        1,
        0,
        0,
        0,
        null,
        null,
        1,
        0,
        null,
        null,
        1,
        0,
        0,
        0,
        0,
        null,
        null,
        1,
        0,
        0,
        0,
        0,
        null,
        null,
        1,
        3,
        3,
        2,
        null,
        3,
        null,
        null,
        null
      ],
      "/Users/sanujsharma/Classes/csce-606/hw3/hw-acceptance-unit-test-cycle/rottenpotatoes/app/controllers/application_controller.rb": [
        1,
        1,
        null
      ],
      "/Users/sanujsharma/Classes/csce-606/hw3/hw-acceptance-unit-test-cycle/rottenpotatoes/app/models/movie.rb": [
        1,
        1,
        1,
        null,
        null,
        1,
        4,
        4,
        3,
        null,
        null,
        null
      ]
    },
    "timestamp": 1538839744
  },
  "Cucumber Features": {
    "coverage": {
      "/Users/sanujsharma/Classes/csce-606/hw3/hw-acceptance-unit-test-cycle/rottenpotatoes/app/models/movie.rb": [
        1,
        1,
        1,
        null,
        null,
        1,
        2,
        2,
        1,
        null,
        null,
        null
      ],
      "/Users/sanujsharma/Classes/csce-606/hw3/hw-acceptance-unit-test-cycle/rottenpotatoes/app/controllers/movies_controller.rb": [
        1,
        null,
        1,
        1,
        null,
        null,
        1,
        4,
        4,
        null,
        null,
        null,
        1,
        1,
        1,
        null,
        0,
        null,
        0,
        null,
        1,
        1,
        null,
        1,
        6,
        null,
        null,
        1,
        0,
        0,
        0,
        null,
        1,
        null,
        null,
        1,
        null,
        null,
        null,
        1,
        0,
        0,
        0,
        null,
        null,
        1,
        1,
        null,
        null,
        1,
        1,
        1,
        1,
        1,
        null,
        null,
        1,
        0,
        0,
        0,
        0,
        null,
        null,
        1,
        2,
        2,
        1,
        null,
        2,
        null,
        null,
        null
      ],
      "/Users/sanujsharma/Classes/csce-606/hw3/hw-acceptance-unit-test-cycle/rottenpotatoes/app/controllers/application_controller.rb": [
        1,
        1,
        null
      ],
      "/Users/sanujsharma/Classes/csce-606/hw3/hw-acceptance-unit-test-cycle/rottenpotatoes/app/helpers/application_helper.rb": [
        1,
        null
      ],
      "/Users/sanujsharma/Classes/csce-606/hw3/hw-acceptance-unit-test-cycle/rottenpotatoes/app/helpers/movies_helper.rb": [
        1,
        null,
        1,
        0,
        null,
        null
      ]
    },
    "timestamp": 1538839752
  }
}
